<?xml version="1.0" encoding="UTF-8"?>
<testng-results ignored="1" total="2" passed="1" failed="0" skipped="0">
  <reporter-output>
  </reporter-output>
  <suite started-at="2021-07-29T12:41:41 IST" name="Default suite" finished-at="2021-07-29T12:41:43 IST" duration-ms="2324">
    <groups>
    </groups>
    <test started-at="2021-07-29T12:41:41 IST" name="Default test" finished-at="2021-07-29T12:41:43 IST" duration-ms="2324">
      <class name="test.TS_IP502">
        <test-method is-config="true" signature="setup()[pri:0, instance:test.TS_IP502@71238fc2]" started-at="2021-07-29T12:41:41 IST" name="setup" finished-at="2021-07-29T12:41:41 IST" duration-ms="477" status="PASS">
          <reporter-output>
          </reporter-output>
        </test-method> <!-- setup -->
        <test-method is-config="true" signature="startReport(java.lang.reflect.Method)[pri:0, instance:test.TS_IP502@71238fc2]" started-at="2021-07-29T12:41:41 IST" name="startReport" finished-at="2021-07-29T12:41:41 IST" duration-ms="2" status="PASS">
          <params>
            <param index="0">
              <value>
                <![CDATA[public void test.TS_IP502.markInTime()]]>
              </value>
            </param>
          </params>
          <reporter-output>
          </reporter-output>
        </test-method> <!-- startReport -->
        <test-method signature="markInTime()[pri:1, instance:test.TS_IP502@71238fc2]" started-at="2021-07-29T12:41:41 IST" name="markInTime" description="Testing the mark attendance API" finished-at="2021-07-29T12:41:43 IST" duration-ms="1434" status="PASS">
          <reporter-output>
          </reporter-output>
        </test-method> <!-- markInTime -->
        <test-method is-config="true" signature="getResult(org.testng.ITestResult)[pri:0, instance:test.TS_IP502@71238fc2]" started-at="2021-07-29T12:41:43 IST" name="getResult" finished-at="2021-07-29T12:41:43 IST" duration-ms="1" status="PASS">
          <params>
            <param index="0">
              <value>
                <![CDATA[[TestResult name=markInTime status=SUCCESS method=TS_IP502.markInTime()[pri:1, instance:test.TS_IP502@71238fc2] output={null}]]]>
              </value>
            </param>
          </params>
          <reporter-output>
          </reporter-output>
        </test-method> <!-- getResult -->
        <test-method is-config="true" signature="endReport()[pri:0, instance:test.TS_IP502@71238fc2]" started-at="2021-07-29T12:41:43 IST" name="endReport" finished-at="2021-07-29T12:41:43 IST" duration-ms="228" status="PASS">
          <reporter-output>
          </reporter-output>
        </test-method> <!-- endReport -->
      </class> <!-- test.TS_IP502 -->
    </test> <!-- Default test -->
  </suite> <!-- Default suite -->
</testng-results>
